Thu Apr  7 15:10:22 UTC 2022: 
 tests:  0|6
total_score: 0/70
b118a9d
Thu Apr  7 15:34:24 UTC 2022: 
 hashmap.c | 5 +++--
 1 file changed, 3 insertions(+), 2 deletions(-)
In file included from test.c:4:0:
hashmap.c:54:11: error: redefinition of ‘createMap’
 HashMap * createMap(long capacity)
           ^~~~~~~~~
In file included from hashmap.c:6:0,
                 from test.c:4:
hashmap.h:20:11: note: previous definition of ‘createMap’ was here
 HashMap * createMap(long capacity){
           ^~~~~~~~~
In file included from test.c:4:0:
hashmap.c: In function ‘createMap’:
hashmap.c:55:3: error: parameter ‘p’ is initialized
   HashMap *p = (HashMap*) calloc (capacity,sizeof(HashMap));
   ^~~~~~~
hashmap.c:55:35: error: ‘capacity’ undeclared (first use in this function)
   HashMap *p = (HashMap*) calloc (capacity,sizeof(HashMap));
                                   ^~~~~~~~
hashmap.c:55:35: note: each undeclared identifier is reported only once for each function it appears in
hashmap.c:57:3: error: expected declaration specifiers before ‘return’
   return p;
   ^~~~~~
hashmap.c:58:1: error: expected declaration specifiers before ‘}’ token
 }
 ^
hashmap.c:60:43: error: expected ‘=’, ‘,’, ‘;’, ‘asm’ or ‘__attribute__’ before ‘{’ token
 void eraseMap(HashMap * map,  char * key) {
                                           ^
hashmap.c:65:46: error: expected ‘=’, ‘,’, ‘;’, ‘asm’ or ‘__attribute__’ before ‘{’ token
 Pair * searchMap(HashMap * map,  char * key) {
                                              ^
hashmap.c:71:32: error: expected ‘=’, ‘,’, ‘;’, ‘asm’ or ‘__attribute__’ before ‘{’ token
 Pair * firstMap(HashMap * map) {
                                ^
hashmap.c:76:31: error: expected ‘=’, ‘,’, ‘;’, ‘asm’ or ‘__attribute__’ before ‘{’ token
 Pair * nextMap(HashMap * map) {
                               ^
test.c:8:34: error: expected ‘=’, ‘,’, ‘;’, ‘asm’ or ‘__attribute__’ before ‘{’ token
 char * _strdup(const char * str) {
                                  ^
test.c:15:1: error: parameter ‘test_id’ is initialized
 int test_id = -1;
 ^~~
test.c:18:14: error: expected ‘=’, ‘,’, ‘;’, ‘asm’ or ‘__attribute__’ before ‘{’ token
 int success(){
              ^
test.c:23:24: error: expected ‘=’, ‘,’, ‘;’, ‘asm’ or ‘__attribute__’ before ‘{’ token
 void err_msg(char* msg){
                        ^
test.c:30:23: error: expected ‘=’, ‘,’, ‘;’, ‘asm’ or ‘__attribute__’ before ‘{’ token
 void ok_msg(char* msg){
                       ^
test.c:36:25: error: expected ‘=’, ‘,’, ‘;’, ‘asm’ or ‘__attribute__’ before ‘{’ token
 void info_msg(char* msg){
                         ^
test.c:41:25: error: expected ‘=’, ‘,’, ‘;’, ‘asm’ or ‘__attribute__’ before ‘{’ token
 HashMap* initializeMap(){
                         ^
test.c:64:22: error: expected ‘=’, ‘,’, ‘;’, ‘asm’ or ‘__attribute__’ before ‘{’ token
 int createMap_test1(){ //Retorna el mapa
                      ^
test.c:75:22: error: expected ‘=’, ‘,’, ‘;’, ‘asm’ or ‘__attribute__’ before ‘{’ token
 int createMap_test2(){ //Buckets nulos
                      ^
test.c:83:22: error: expected ‘=’, ‘,’, ‘;’, ‘asm’ or ‘__attribute__’ before ‘{’ token
 int createMap_test3(){ //variables
                      ^
test.c:100:18: error: expected ‘=’, ‘,’, ‘;’, ‘asm’ or ‘__attribute__’ before ‘{’ token
 void hash_test1(){ // posición válida
                  ^
test.c:111:18: error: expected ‘=’, ‘,’, ‘;’, ‘asm’ or ‘__attribute__’ before ‘{’ token
 void hash_test2(){ // colisiones
                  ^
test.c:125:18: error: expected ‘=’, ‘,’, ‘;’, ‘asm’ or ‘__attribute__’ before ‘{’ token
 void hash_test3(){ //no random
                  ^
test.c:131:20: error: expected ‘=’, ‘,’, ‘;’, ‘asm’ or ‘__attribute__’ before ‘{’ token
 void compare_test(){
                    ^
test.c:138:19: error: expected ‘=’, ‘,’, ‘;’, ‘asm’ or ‘__attribute__’ before ‘{’ token
 int insert_test1(){ //elemento con hash=3
                   ^
test.c:168:19: error: expected ‘=’, ‘,’, ‘;’, ‘asm’ or ‘__attribute__’ before ‘{’ token
 int insert_test2(){ //no se agregan repetidos
                   ^
test.c:179:19: error: expected ‘=’, ‘,’, ‘;’, ‘asm’ or ‘__attribute__’ before ‘{’ token
 int insert_test3(){ //colisión
                   ^
test.c:192:19: error: expected ‘=’, ‘,’, ‘;’, ‘asm’ or ‘__attribute__’ before ‘{’ token
 int insert_test4(){ //colisión
                   ^
test.c:217:19: error: expected ‘=’, ‘,’, ‘;’, ‘asm’ or ‘__attribute__’ before ‘{’ token
 int insert_test5(){ //factor de carga>0.7, se llama a función enlarge
                   ^
test.c:233:19: error: expected ‘=’, ‘,’, ‘;’, ‘asm’ or ‘__attribute__’ before ‘{’ token
 int search_test1(){ //busqueda de elemento insertado
                   ^
test.c:256:19: error: expected ‘=’, ‘,’, ‘;’, ‘asm’ or ‘__attribute__’ before ‘{’ token
 int search_test2(){ //busqueda de elemento colisionado
                   ^
test.c:276:19: error: expected ‘=’, ‘,’, ‘;’, ‘asm’ or ‘__attribute__’ before ‘{’ token
 int search_test3(){ //busqueda de elemento que no existe
                   ^
test.c:289:18: error: expected ‘=’, ‘,’, ‘;’, ‘asm’ or ‘__attribute__’ before ‘{’ token
 int erase_test1(){  //elimina dato
                  ^
test.c:314:18: error: expected ‘=’, ‘,’, ‘;’, ‘asm’ or ‘__attribute__’ before ‘{’ token
 int erase_test2(){  //elimina dato colisionado
                  ^
test.c:330:18: error: expected ‘=’, ‘,’, ‘;’, ‘asm’ or ‘__attribute__’ before ‘{’ token
 int erase_test3(){  //elimina dato que no existe
                  ^
test.c:345:17: error: expected ‘=’, ‘,’, ‘;’, ‘asm’ or ‘__attribute__’ before ‘{’ token
 int first_test(){
                 ^
test.c:389:16: error: expected ‘=’, ‘,’, ‘;’, ‘asm’ or ‘__attribute__’ before ‘{’ token
 int next_test(){
                ^
test.c:425:19: error: expected ‘=’, ‘,’, ‘;’, ‘asm’ or ‘__attribute__’ before ‘{’ token
 int enlarge_test(){
                   ^
test.c:453:36: error: expected ‘=’, ‘,’, ‘;’, ‘asm’ or ‘__attribute__’ before ‘{’ token
 int main( int argc, char *argv[] ) {
                                    ^
In file included from test.c:4:0:
hashmap.c:54:11: error: old-style parameter declarations in prototyped function definition
 HashMap * createMap(long capacity)
           ^~~~~~~~~
test.c:511:1: error: expected ‘{’ at end of input
 }
 ^
test.c:511:1: error: control reaches end of non-void function [-Werror=return-type]
 }
 ^
cc1: all warnings being treated as errors
Compilation failed
2d85624
Thu Apr  7 15:35:20 UTC 2022: 
 hashmap.c | 7 ++++---
 1 file changed, 4 insertions(+), 3 deletions(-)
In file included from test.c:4:0:
hashmap.c:54:11: error: redefinition of ‘createMap’
 HashMap * createMap(long capacity){
           ^~~~~~~~~
In file included from hashmap.c:6:0,
                 from test.c:4:
hashmap.h:20:11: note: previous definition of ‘createMap’ was here
 HashMap * createMap(long capacity){
           ^~~~~~~~~
In file included from test.c:4:0:
hashmap.c: In function ‘createMap’:
hashmap.c:56:1: error: control reaches end of non-void function [-Werror=return-type]
 }
 ^
cc1: all warnings being treated as errors
Compilation failed
f980afc
Thu Apr  7 15:37:01 UTC 2022: 
 hashmap.c | 4 +---
 1 file changed, 1 insertion(+), 3 deletions(-)
 tests:  0|6
total_score: 0/70
fdb42cc
Thu Apr  7 15:37:56 UTC 2022: 
 hashmap.c | 1 +
 1 file changed, 1 insertion(+)
In file included from test.c:4:0:
hashmap.c: In function ‘createMap’:
hashmap.c:55:13: error: unused variable ‘p’ [-Werror=unused-variable]
   HashMap * p = (HashMap*) calloc(capacity,sizeof(HashMap));
             ^
cc1: all warnings being treated as errors
Compilation failed
cb2203f
Thu Apr  7 15:38:05 UTC 2022: 
 hashmap.c | 2 +-
 1 file changed, 1 insertion(+), 1 deletion(-)
 tests:  0|0
da8c4bd
Thu Apr  7 15:47:17 UTC 2022: 
 hashmap.c | 4 +++-
 1 file changed, 3 insertions(+), 1 deletion(-)
 tests:  0|6
total_score: 0/70
8c82820
Thu Apr  7 15:48:39 UTC 2022: 
 hashmap.c | 2 +-
 1 file changed, 1 insertion(+), 1 deletion(-)
In file included from test.c:4:0:
hashmap.c: In function ‘createMap’:
hashmap.c:56:11: error: expected ‘=’, ‘,’, ‘;’, ‘asm’ or ‘__attribute__’ before ‘->’ token
   Pair** p->buckets = (Pair **) calloc (capacity,sizeof(Pair *));
           ^~
hashmap.c:56:11: error: expected expression before ‘->’ token
Compilation failed
ebec24f
Thu Apr  7 15:49:50 UTC 2022: 
 hashmap.c | 2 ++
 1 file changed, 2 insertions(+)
In file included from test.c:4:0:
hashmap.c: In function ‘createMap’:
hashmap.c:56:11: error: expected ‘=’, ‘,’, ‘;’, ‘asm’ or ‘__attribute__’ before ‘->’ token
   Pair** p->buckets = (Pair **) calloc (capacity,sizeof(Pair *));
           ^~
hashmap.c:56:11: error: expected expression before ‘->’ token
Compilation failed
772b11a
Thu Apr  7 15:50:39 UTC 2022: 
 hashmap.c | 2 +-
 1 file changed, 1 insertion(+), 1 deletion(-)
 tests:  1|5
total_score: 10/70
2cbf453
Thu Apr  7 16:04:14 UTC 2022: 
 hashmap.c | 9 ++++++++-
 1 file changed, 8 insertions(+), 1 deletion(-)
 tests:  1|5
total_score: 10/70
fc46f3a
Thu Apr  7 16:05:47 UTC 2022: 
 hashmap.c | 1 +
 1 file changed, 1 insertion(+)
 tests:  1|5
total_score: 10/70
ed9ebd7
Thu Apr  7 16:06:31 UTC 2022: 
 hashmap.c | 2 +-
 1 file changed, 1 insertion(+), 1 deletion(-)
 tests:  1|5
total_score: 10/70
6c96621
Thu Apr  7 16:08:06 UTC 2022: 
 hashmap.c | 2 +-
 1 file changed, 1 insertion(+), 1 deletion(-)
In file included from test.c:4:0:
hashmap.c: In function ‘insertMap’:
hashmap.c:50:10: error: ‘HashMap {aka struct HashMap}’ has no member named ‘bucket’; did you mean ‘buckets’?
     map->bucket[idx]->value = value;
          ^~~~~~
          buckets
Compilation failed
9de310e
Thu Apr  7 16:08:13 UTC 2022: 
 hashmap.c | 2 +-
 1 file changed, 1 insertion(+), 1 deletion(-)
 tests:  1|5
total_score: 10/70
5e5a985
Thu Apr  7 16:13:03 UTC 2022: 
 hashmap.c | 2 +-
 1 file changed, 1 insertion(+), 1 deletion(-)
 tests:  5|4
total_score: 30/70
2acf667
Sun Apr 10 21:11:29 UTC 2022: 
 hashmap.c | 7 +++++--
 1 file changed, 5 insertions(+), 2 deletions(-)
In file included from test.c:4:0:
hashmap.c: In function ‘searchMap’:
hashmap.c:79:48: error: ‘return’ with no value, in function returning non-void [-Werror]
     if(is_equal(key,map->buckets[idx]->key)==1)return;
                                                ^~~~~~
hashmap.c:76:8: note: declared here
 Pair * searchMap(HashMap * map,  char * key) {
        ^~~~~~~~~
cc1: all warnings being treated as errors
Compilation failed
0ed3984
Sun Apr 10 21:12:13 UTC 2022: 
 hashmap.c | 2 +-
 1 file changed, 1 insertion(+), 1 deletion(-)
In file included from test.c:4:0:
hashmap.c: In function ‘searchMap’:
hashmap.c:79:55: error: ‘p’ undeclared (first use in this function)
     if(is_equal(key,map->buckets[idx]->key)==1)return p;
                                                       ^
hashmap.c:79:55: note: each undeclared identifier is reported only once for each function it appears in
Compilation failed
aab14a0
Sun Apr 10 21:12:21 UTC 2022: 
 hashmap.c | 2 +-
 1 file changed, 1 insertion(+), 1 deletion(-)
In file included from test.c:4:0:
hashmap.c: In function ‘searchMap’:
hashmap.c:79:55: error: return makes pointer from integer without a cast [-Werror=int-conversion]
     if(is_equal(key,map->buckets[idx]->key)==1)return idx;
                                                       ^~~
cc1: all warnings being treated as errors
Compilation failed
5263622
Sun Apr 10 21:12:47 UTC 2022: 
 hashmap.c | 2 +-
 1 file changed, 1 insertion(+), 1 deletion(-)
 tests:  6|4
total_score: 30/70
02516e7
Sun Apr 10 21:14:24 UTC 2022: 
 hashmap.c | 1 +
 1 file changed, 1 insertion(+)
 tests:  6|4
total_score: 30/70
ec70bae
Sun Apr 10 21:15:07 UTC 2022: 
 hashmap.c | 2 +-
 1 file changed, 1 insertion(+), 1 deletion(-)
 tests:  6|4
total_score: 30/70
4150eb9
Sun Apr 10 21:18:53 UTC 2022: 
 hashmap.c | 10 +++++++---
 1 file changed, 7 insertions(+), 3 deletions(-)
In file included from test.c:4:0:
hashmap.c: In function ‘searchMap’:
hashmap.c:81:18: error: assignment makes integer from pointer without a cast [-Werror=int-conversion]
     map->current = map->buckets[idx];
                  ^
hashmap.c: In function ‘firstMap’:
hashmap.c:88:22: error: ‘i’ undeclared (first use in this function)
   while(map->buckets[i]==NULL){
                      ^
hashmap.c:88:22: note: each undeclared identifier is reported only once for each function it appears in
hashmap.c:92:3: error: expected ‘;’ before ‘return’
   return map->buckets[idx];
   ^~~~~~
hashmap.c:93:1: error: control reaches end of non-void function [-Werror=return-type]
 }
 ^
cc1: all warnings being treated as errors
Compilation failed
f6c44c7
Sun Apr 10 21:19:26 UTC 2022: 
 hashmap.c | 2 +-
 1 file changed, 1 insertion(+), 1 deletion(-)
In file included from test.c:4:0:
hashmap.c: In function ‘firstMap’:
hashmap.c:88:22: error: ‘i’ undeclared (first use in this function)
   while(map->buckets[i]==NULL){
                      ^
hashmap.c:88:22: note: each undeclared identifier is reported only once for each function it appears in
hashmap.c:92:3: error: expected ‘;’ before ‘return’
   return map->buckets[idx];
   ^~~~~~
hashmap.c:93:1: error: control reaches end of non-void function [-Werror=return-type]
 }
 ^
cc1: all warnings being treated as errors
Compilation failed
0582bfe
Sun Apr 10 21:19:39 UTC 2022: 
 hashmap.c | 2 +-
 1 file changed, 1 insertion(+), 1 deletion(-)
In file included from test.c:4:0:
hashmap.c: In function ‘firstMap’:
hashmap.c:92:3: error: expected ‘;’ before ‘return’
   return map->buckets[idx];
   ^~~~~~
hashmap.c:93:1: error: control reaches end of non-void function [-Werror=return-type]
 }
 ^
cc1: all warnings being treated as errors
Compilation failed
6e81bc7
Sun Apr 10 21:19:46 UTC 2022: 
 hashmap.c | 2 +-
 1 file changed, 1 insertion(+), 1 deletion(-)
 tests:  7|4
total_score: 30/70
0c94cf5
Sun Apr 10 21:21:21 UTC 2022: 
 hashmap.c | 2 +-
 1 file changed, 1 insertion(+), 1 deletion(-)
 tests:  6|4
total_score: 30/70
fe91693
Sun Apr 10 21:21:31 UTC 2022: 
 hashmap.c | 2 +-
 1 file changed, 1 insertion(+), 1 deletion(-)
 tests:  7|4
total_score: 30/70
5e38f4c
Sun Apr 10 21:26:22 UTC 2022: 
 hashmap.c | 9 ++++++---
 1 file changed, 6 insertions(+), 3 deletions(-)
 tests:  6|4
total_score: 30/70
3292535
Sun Apr 10 21:28:22 UTC 2022: 
 hashmap.c | 3 ++-
 1 file changed, 2 insertions(+), 1 deletion(-)
 tests:  6|4
total_score: 30/70
f0a738b
Sun Apr 10 21:28:57 UTC 2022: 
 hashmap.c | 2 +-
 1 file changed, 1 insertion(+), 1 deletion(-)
 tests:  6|4
total_score: 30/70
361511d
Sun Apr 10 21:32:18 UTC 2022: 
 hashmap.c | 18 +++++++++++-------
 1 file changed, 11 insertions(+), 7 deletions(-)
 tests:  6|4
total_score: 30/70
c600456
Sun Apr 10 21:34:00 UTC 2022: 
 hashmap.c | 2 +-
 1 file changed, 1 insertion(+), 1 deletion(-)
 tests:  7|4
total_score: 30/70
90ed72a
Sun Apr 10 21:35:55 UTC 2022: 
 hashmap.c | 2 +-
 1 file changed, 1 insertion(+), 1 deletion(-)
 tests:  10|4
total_score: 30/70
c790a0c
Sun Apr 10 21:38:48 UTC 2022: 
 hashmap.c | 1 +
 1 file changed, 1 insertion(+)
 tests:  10|4
total_score: 30/70
164228c
Sun Apr 10 21:39:49 UTC 2022: 
 hashmap.c | 3 ++-
 1 file changed, 2 insertions(+), 1 deletion(-)
 tests:  10|4
total_score: 30/70
9fb977e
Sun Apr 10 21:41:21 UTC 2022: 
 hashmap.c | 4 +---
 1 file changed, 1 insertion(+), 3 deletions(-)
In file included from test.c:4:0:
hashmap.c: In function ‘searchMap’:
hashmap.c:83:1: error: control reaches end of non-void function [-Werror=return-type]
 }
 ^
cc1: all warnings being treated as errors
Compilation failed
37f59a9
Sun Apr 10 21:41:37 UTC 2022: 
 hashmap.c | 1 +
 1 file changed, 1 insertion(+)
In file included from test.c:4:0:
hashmap.c: In function ‘searchMap’:
hashmap.c:83:23: error: return makes pointer from integer without a cast [-Werror=int-conversion]
   return map->current = idx;
          ~~~~~~~~~~~~~^~~~~
cc1: all warnings being treated as errors
Compilation failed
b1b98d1
Sun Apr 10 21:42:24 UTC 2022: 
 hashmap.c | 3 ++-
 1 file changed, 2 insertions(+), 1 deletion(-)
In file included from test.c:4:0:
hashmap.c: In function ‘searchMap’:
hashmap.c:84:3: error: expected ‘;’ before ‘return’
   return map->buckets[idx];
   ^~~~~~
hashmap.c:85:1: error: control reaches end of non-void function [-Werror=return-type]
 }
 ^
cc1: all warnings being treated as errors
Compilation failed
6095612
Sun Apr 10 21:42:39 UTC 2022: 
 hashmap.c | 2 +-
 1 file changed, 1 insertion(+), 1 deletion(-)
 tests:  10|4
total_score: 30/70
cb55c03
Sun Apr 10 21:45:32 UTC 2022: 
 hashmap.c | 4 +---
 1 file changed, 1 insertion(+), 3 deletions(-)
In file included from test.c:4:0:
hashmap.c: In function ‘searchMap’:
hashmap.c:83:1: error: control reaches end of non-void function [-Werror=return-type]
 }
 ^
cc1: all warnings being treated as errors
Compilation failed
5f7a289
Sun Apr 10 21:45:47 UTC 2022: 
 hashmap.c | 1 +
 1 file changed, 1 insertion(+)
 tests:  0|0
7918327
Sun Apr 10 21:46:06 UTC 2022: 
 hashmap.c | 2 +-
 1 file changed, 1 insertion(+), 1 deletion(-)
 tests:  12|3
total_score: 40/70
11257d5
Sun Apr 10 21:51:57 UTC 2022: 
 hashmap.c | 11 ++++++++---
 1 file changed, 8 insertions(+), 3 deletions(-)
In file included from test.c:4:0:
hashmap.c: In function ‘eraseMap’:
hashmap.c:76:30: error: statement with no effect [-Werror=unused-value]
       map->buckets[idx]->key == NULL;
                              ^
cc1: all warnings being treated as errors
Compilation failed
f64585b
Sun Apr 10 21:52:03 UTC 2022: 
 hashmap.c | 2 +-
 1 file changed, 1 insertion(+), 1 deletion(-)
 tests:  12|3
total_score: 40/70
3bc5686
Sun Apr 10 21:52:52 UTC 2022: 
 hashmap.c | 2 +-
 1 file changed, 1 insertion(+), 1 deletion(-)
 tests:  12|3
total_score: 40/70
df80fb8
Sun Apr 10 21:54:07 UTC 2022: 
 hashmap.c | 2 +-
 1 file changed, 1 insertion(+), 1 deletion(-)
 tests:  12|3
total_score: 40/70
027c075
Sun Apr 10 21:54:53 UTC 2022: 
 hashmap.c | 2 +-
 1 file changed, 1 insertion(+), 1 deletion(-)
 tests:  12|3
total_score: 40/70
1e4538b
Sun Apr 10 21:56:14 UTC 2022: 
 hashmap.c | 2 +-
 1 file changed, 1 insertion(+), 1 deletion(-)
 tests:  12|3
total_score: 40/70
e64f518
Sun Apr 10 22:01:28 UTC 2022: 
 hashmap.c | 2 +-
 1 file changed, 1 insertion(+), 1 deletion(-)
 tests:  12|3
total_score: 40/70
30a655a
Sun Apr 10 22:01:42 UTC 2022: 
 hashmap.c | 2 +-
 1 file changed, 1 insertion(+), 1 deletion(-)
 tests:  12|3
total_score: 40/70
abec789
Sun Apr 10 22:02:08 UTC 2022: 
 hashmap.c | 2 +-
 1 file changed, 1 insertion(+), 1 deletion(-)
 tests:  12|3
total_score: 40/70
ecd56cf
Sun Apr 10 22:03:49 UTC 2022: 
 hashmap.c | 2 +-
 1 file changed, 1 insertion(+), 1 deletion(-)
 tests:  12|3
total_score: 40/70
681a23e
Sun Apr 10 22:04:53 UTC 2022: 
 hashmap.c | 2 +-
 1 file changed, 1 insertion(+), 1 deletion(-)
 tests:  12|3
total_score: 40/70
44bda08
Sun Apr 10 22:06:27 UTC 2022: 
 hashmap.c | 2 --
 1 file changed, 2 deletions(-)
test.c: In function ‘eraseMap’:
test.c:453:5: error: ‘main’ is normally a non-static function [-Werror=main]
 int main( int argc, char *argv[] ) {
     ^~~~
test.c:511:1: error: expected declaration or statement at end of input
 }
 ^
At top level:
test.c:453:5: error: ‘main’ defined but not used [-Werror=unused-function]
 int main( int argc, char *argv[] ) {
     ^~~~
test.c:217:5: error: ‘insert_test5’ defined but not used [-Werror=unused-function]
 int insert_test5(){ //factor de carga>0.7, se llama a función enlarge
     ^~~~~~~~~~~~
test.c:131:6: error: ‘compare_test’ defined but not used [-Werror=unused-function]
 void compare_test(){
      ^~~~~~~~~~~~
test.c:125:6: error: ‘hash_test3’ defined but not used [-Werror=unused-function]
 void hash_test3(){ //no random
      ^~~~~~~~~~
test.c:111:6: error: ‘hash_test2’ defined but not used [-Werror=unused-function]
 void hash_test2(){ // colisiones
      ^~~~~~~~~~
test.c:100:6: error: ‘hash_test1’ defined but not used [-Werror=unused-function]
 void hash_test1(){ // posición válida
      ^~~~~~~~~~
cc1: all warnings being treated as errors
Compilation failed
4da29ae
Sun Apr 10 22:08:27 UTC 2022: 
 hashmap.c | 1 +
 1 file changed, 1 insertion(+)
test.c: In function ‘eraseMap’:
test.c:453:5: error: ‘main’ is normally a non-static function [-Werror=main]
 int main( int argc, char *argv[] ) {
     ^~~~
test.c:511:1: error: expected declaration or statement at end of input
 }
 ^
At top level:
test.c:453:5: error: ‘main’ defined but not used [-Werror=unused-function]
 int main( int argc, char *argv[] ) {
     ^~~~
test.c:217:5: error: ‘insert_test5’ defined but not used [-Werror=unused-function]
 int insert_test5(){ //factor de carga>0.7, se llama a función enlarge
     ^~~~~~~~~~~~
test.c:131:6: error: ‘compare_test’ defined but not used [-Werror=unused-function]
 void compare_test(){
      ^~~~~~~~~~~~
test.c:125:6: error: ‘hash_test3’ defined but not used [-Werror=unused-function]
 void hash_test3(){ //no random
      ^~~~~~~~~~
test.c:111:6: error: ‘hash_test2’ defined but not used [-Werror=unused-function]
 void hash_test2(){ // colisiones
      ^~~~~~~~~~
test.c:100:6: error: ‘hash_test1’ defined but not used [-Werror=unused-function]
 void hash_test1(){ // posición válida
      ^~~~~~~~~~
cc1: all warnings being treated as errors
Compilation failed
292a25e
